<?xml version="1.0" encoding="UTF-8"?>
<!-- Generated by org.testng.reporters.JUnitReportReporter -->
<testsuite hostname="DESKTOP-40TMDJ5" failures="0" tests="1" name="com.inetbanking.pageObject.LoginPage" time="17.477" errors="0" timestamp="2022-11-04T19:36:28 IST" skipped="0">
  <testcase classname="com.inetbanking.pageObject.LoginPage" name="login" time="17.477"/>
  <system-out/>
</testsuite> <!-- com.inetbanking.pageObject.LoginPage -->
