<?xml version="1.0" encoding="UTF-8"?>
<!-- Generated by org.testng.reporters.JUnitReportReporter -->
<testsuite hostname="DESKTOP-40TMDJ5" failures="0" tests="2" name="testng.secondtestng" time="0.011" errors="0" timestamp="2022-11-03T21:15:23 IST" skipped="0">
  <testcase classname="testng.secondtestng" name="f2" time="0.003"/>
  <system-out/>
  <testcase classname="testng.secondtestng" name="f1" time="0.008"/>
  <system-out/>
</testsuite> <!-- testng.secondtestng -->
