<?xml version="1.0" encoding="UTF-8"?>
<!-- Generated by org.testng.reporters.JUnitReportReporter -->
<testsuite hostname="DESKTOP-40TMDJ5" failures="0" tests="2" name="testng.FirstTest" time="0.013" errors="0" timestamp="2022-11-02T20:32:17 IST" skipped="0">
  <testcase classname="testng.FirstTest" name="test_one" time="0.011"/>
  <system-out/>
  <testcase classname="testng.FirstTest" name="test_two" time="0.002"/>
  <system-out/>
</testsuite> <!-- testng.FirstTest -->
